Flow report for FullAdder
Fri Dec 10 09:26:14 2021
Quartus Prime Version 17.1.0 Build 590 10/25/2017 SJ Lite Edition


---------------------
; Table of Contents ;
---------------------
  1. Legal Notice
  2. Flow Summary
  3. Flow Settings
  4. Flow Non-Default Global Settings
  5. Flow Elapsed Time
  6. Flow OS Summary
  7. Flow Log
  8. Flow Messages
  9. Flow Suppressed Messages



----------------
; Legal Notice ;
----------------
Copyright (C) 2017  Intel Corporation. All rights reserved.
Your use of Intel Corporation's design tools, logic functions 
and other software and tools, and its AMPP partner logic 
functions, and any output files from any of the foregoing 
(including device programming or simulation files), and any 
associated documentation or information are expressly subject 
to the terms and conditions of the Intel Program License 
Subscription Agreement, the Intel Quartus Prime License Agreement,
the Intel FPGA IP License Agreement, or other applicable license
agreement, including, without limitation, that your use is for
the sole purpose of programming logic devices manufactured by
Intel and sold by Intel or its authorized distributors.  Please
refer to the applicable agreement for further details.



+----------------------------------------------------------------------------------+
; Flow Summary                                                                     ;
+------------------------------------+---------------------------------------------+
; Flow Status                        ; Successful - Fri Dec 10 09:26:14 2021       ;
; Quartus Prime Version              ; 17.1.0 Build 590 10/25/2017 SJ Lite Edition ;
; Revision Name                      ; FullAdder                                   ;
; Top-level Entity Name              ; AddSub4                                     ;
; Family                             ; Cyclone IV E                                ;
; Total logic elements               ; 8 / 6,272 ( < 1 % )                         ;
;     Total combinational functions  ; 8 / 6,272 ( < 1 % )                         ;
;     Dedicated logic registers      ; 0 / 6,272 ( 0 % )                           ;
; Total registers                    ; 0                                           ;
; Total pins                         ; 14 / 92 ( 15 % )                            ;
; Total virtual pins                 ; 0                                           ;
; Total memory bits                  ; 0 / 276,480 ( 0 % )                         ;
; Embedded Multiplier 9-bit elements ; 0 / 30 ( 0 % )                              ;
; Total PLLs                         ; 0 / 2 ( 0 % )                               ;
; Device                             ; EP4CE6E22C6                                 ;
; Timing Models                      ; Final                                       ;
+------------------------------------+---------------------------------------------+


+-----------------------------------------+
; Flow Settings                           ;
+-------------------+---------------------+
; Option            ; Setting             ;
+-------------------+---------------------+
; Start date & time ; 12/10/2021 09:21:54 ;
; Main task         ; Compilation         ;
; Revision Name     ; FullAdder           ;
+-------------------+---------------------+


+-----------------------------------------------------------------------------------------------------------------------------+
; Flow Non-Default Global Settings                                                                                            ;
+-------------------------------------+----------------------------------------+---------------+-------------+----------------+
; Assignment Name                     ; Value                                  ; Default Value ; Entity Name ; Section Id     ;
+-------------------------------------+----------------------------------------+---------------+-------------+----------------+
; COMPILER_SIGNATURE_ID               ; 10995770589200.163912811415728         ; --            ; --          ; --             ;
; EDA_OUTPUT_DATA_FORMAT              ; Vhdl                                   ; --            ; --          ; eda_simulation ;
; EDA_SIMULATION_TOOL                 ; ModelSim-Altera (VHDL)                 ; <None>        ; --          ; --             ;
; EDA_TIME_SCALE                      ; 1 ps                                   ; --            ; --          ; eda_simulation ;
; PARTITION_COLOR                     ; -- (Not supported for targeted family) ; --            ; AddSub4     ; Top            ;
; PARTITION_FITTER_PRESERVATION_LEVEL ; -- (Not supported for targeted family) ; --            ; AddSub4     ; Top            ;
; PARTITION_NETLIST_TYPE              ; -- (Not supported for targeted family) ; --            ; AddSub4     ; Top            ;
; PROJECT_OUTPUT_DIRECTORY            ; output_files                           ; --            ; --          ; --             ;
; TOP_LEVEL_ENTITY                    ; AddSub4                                ; FullAdder     ; --          ; --             ;
+-------------------------------------+----------------------------------------+---------------+-------------+----------------+


+-------------------------------------------------------------------------------------------------------------------------------+
; Flow Elapsed Time                                                                                                             ;
+---------------------------+--------------+-------------------------+---------------------+------------------------------------+
; Module Name               ; Elapsed Time ; Average Processors Used ; Peak Virtual Memory ; Total CPU Time (on all processors) ;
+---------------------------+--------------+-------------------------+---------------------+------------------------------------+
; Analysis & Synthesis      ; 00:00:36     ; 1.0                     ; 4756 MB             ; 00:00:46                           ;
; Fitter                    ; 00:00:07     ; 1.0                     ; 5475 MB             ; 00:00:05                           ;
; Assembler                 ; 00:00:02     ; 1.0                     ; 4663 MB             ; 00:00:01                           ;
; TimeQuest Timing Analyzer ; 00:00:03     ; 1.0                     ; 4759 MB             ; 00:00:03                           ;
; EDA Netlist Writer        ; 00:00:02     ; 1.0                     ; 4630 MB             ; 00:00:01                           ;
; EDA Netlist Writer        ; 00:00:01     ; 1.0                     ; 4616 MB             ; 00:00:01                           ;
; EDA Netlist Writer        ; 00:00:01     ; 1.0                     ; 4624 MB             ; 00:00:01                           ;
; Total                     ; 00:00:52     ; --                      ; --                  ; 00:00:58                           ;
+---------------------------+--------------+-------------------------+---------------------+------------------------------------+


+-----------------------------------------------------------------------------------------+
; Flow OS Summary                                                                         ;
+---------------------------+------------------+------------+------------+----------------+
; Module Name               ; Machine Hostname ; OS Name    ; OS Version ; Processor type ;
+---------------------------+------------------+------------+------------+----------------+
; Analysis & Synthesis      ; LAPTOP-QBG1DV49  ; Windows 10 ; 10.0       ; x86_64         ;
; Fitter                    ; LAPTOP-QBG1DV49  ; Windows 10 ; 10.0       ; x86_64         ;
; Assembler                 ; LAPTOP-QBG1DV49  ; Windows 10 ; 10.0       ; x86_64         ;
; TimeQuest Timing Analyzer ; LAPTOP-QBG1DV49  ; Windows 10 ; 10.0       ; x86_64         ;
; EDA Netlist Writer        ; LAPTOP-QBG1DV49  ; Windows 10 ; 10.0       ; x86_64         ;
; EDA Netlist Writer        ; LAPTOP-QBG1DV49  ; Windows 10 ; 10.0       ; x86_64         ;
; EDA Netlist Writer        ; LAPTOP-QBG1DV49  ; Windows 10 ; 10.0       ; x86_64         ;
+---------------------------+------------------+------------+------------+----------------+


------------
; Flow Log ;
------------
quartus_map --read_settings_files=on --write_settings_files=off FullAdder -c FullAdder
quartus_fit --read_settings_files=off --write_settings_files=off FullAdder -c FullAdder
quartus_asm --read_settings_files=off --write_settings_files=off FullAdder -c FullAdder
quartus_sta FullAdder -c FullAdder
quartus_eda --read_settings_files=off --write_settings_files=off FullAdder -c FullAdder
quartus_eda --gen_testbench --tool=modelsim_oem --format=verilog --write_settings_files=off FullAdder -c FullAdder --vector_source=C:/Users/tiago/DiscoD/UA/ISD/PL/Guiao8/Adder/AddSub_Test.vwf --testbench_file=C:/Users/tiago/DiscoD/UA/ISD/PL/Guiao8/Adder/simulation/qsim/AddSub_Test.vwf.vt
quartus_eda --write_settings_files=off --simulation=on --functional=on --flatten_buses=off --tool=modelsim_oem --format=verilog --output_directory=C:/Users/tiago/DiscoD/UA/ISD/PL/Guiao8/Adder/simulation/qsim/ FullAdder -c FullAdder



